<?xml version="1.0" encoding="UTF-8"?>
<!-- Generated by org.testng.reporters.JUnitReportReporter -->
<testsuite skipped="0" hostname="GCS-NLT-011" name="fankitc.Fancje" tests="1" failures="0" timestamp="22 Aug 2019 14:37:40 GMT" time="19.440" errors="0">
  <testcase name="main" time="19.440" classname="fankitc.Fancje"/>
</testsuite> <!-- fankitc.Fancje -->
